<?xml version="1.0" encoding="UTF-8"?>
<!-- Generated by org.testng.reporters.JUnitXMLReporter -->
<testsuite ignored="0" hostname="DESKTOP-T32R7UN" failures="0" tests="14" name="Test" time="62.995" errors="0" timestamp="2023-10-12T09:51:52 IST">
  <testcase classname="com.tutorialsninja.qa.testcases.SearchTest" name="verifySearchWithExistingProduct" time="0.659"/>
  <testcase classname="com.tutorialsninja.qa.testcases.SearchTest" name="verifySearchWithNonExistingProduct" time="0.491"/>
  <testcase classname="com.tutorialsninja.qa.testcases.SearchTest" name="verifySearchWithoutAnyProduct" time="0.385"/>
  <testcase classname="com.tutorialsninja.qa.testcases.RegisterTest" name="verifyRegisterAccountWithMandatoryFields" time="1.274"/>
  <testcase classname="com.tutorialsninja.qa.testcases.RegisterTest" name="verifyRegisterPageByProvidingAllTheFields" time="1.288"/>
  <testcase classname="com.tutorialsninja.qa.testcases.RegisterTest" name="verifyRegstringByProvidingExistingAccountDetails" time="1.142"/>
  <testcase classname="com.tutorialsninja.qa.testcases.RegisterTest" name="verifyRegisterAccountWithoutFillingAnyDetails" time="0.493"/>
  <testcase classname="com.tutorialsninja.qa.testcases.ForgetPasswordTest" name="verifyForgetPasswordWithValidEmail" time="0.67"/>
  <testcase classname="com.tutorialsninja.qa.testcases.ForgetPasswordTest" name="verifyForgetPasswordWithInvalidEmailAddress" time="0.567"/>
  <testcase classname="com.tutorialsninja.qa.testcases.LoginTest" name="verifyLoginDetailsWithValidCredentials" time="0.691"/>
  <testcase classname="com.tutorialsninja.qa.testcases.LoginTest" name="verifyLoginDetailsWithValidCredentials" time="0.756"/>
  <testcase classname="com.tutorialsninja.qa.testcases.LoginTest" name="verifyLoginDetailsWithValidCredentials" time="0.736"/>
  <testcase classname="com.tutorialsninja.qa.testcases.LoginTest" name="verifyLoginWithInvalidCredentials" time="0.648"/>
  <testcase classname="com.tutorialsninja.qa.testcases.LoginTest" name="verifyLoginWithInvalidEmailAndValidPassword" time="0.644"/>
</testsuite> <!-- Test -->
