<?xml version="1.0" encoding="UTF-8"?>
<!-- Generated by org.testng.reporters.JUnitXMLReporter -->
<testsuite ignored="0" hostname="DESKTOP-T32R7UN" failures="0" tests="14" name="Test" time="87.83" errors="0" timestamp="2023-10-13T04:15:00 IST">
  <testcase classname="com.tutorialsninja.qa.testcases.SearchTest" name="verifySearchWithExistingProduct" time="0.674"/>
  <testcase classname="com.tutorialsninja.qa.testcases.SearchTest" name="verifySearchWithNonExistingProduct" time="0.437"/>
  <testcase classname="com.tutorialsninja.qa.testcases.SearchTest" name="verifySearchWithoutAnyProduct" time="0.407"/>
  <testcase classname="com.tutorialsninja.qa.testcases.RegisterTest" name="verifyRegisterAccountWithMandatoryFields" time="1.586"/>
  <testcase classname="com.tutorialsninja.qa.testcases.RegisterTest" name="verifyRegisterPageByProvidingAllTheFields" time="1.709"/>
  <testcase classname="com.tutorialsninja.qa.testcases.RegisterTest" name="verifyRegstringByProvidingExistingAccountDetails" time="1.453"/>
  <testcase classname="com.tutorialsninja.qa.testcases.RegisterTest" name="verifyRegisterAccountWithoutFillingAnyDetails" time="0.676"/>
  <testcase classname="com.tutorialsninja.qa.testcases.ForgetPasswordTest" name="verifyForgetPasswordWithValidEmail" time="0.821"/>
  <testcase classname="com.tutorialsninja.qa.testcases.ForgetPasswordTest" name="verifyForgetPasswordWithInvalidEmailAddress" time="0.635"/>
  <testcase classname="com.tutorialsninja.qa.testcases.LoginTest" name="verifyLoginDetailsWithValidCredentials" time="0.831"/>
  <testcase classname="com.tutorialsninja.qa.testcases.LoginTest" name="verifyLoginDetailsWithValidCredentials" time="0.83"/>
  <testcase classname="com.tutorialsninja.qa.testcases.LoginTest" name="verifyLoginDetailsWithValidCredentials" time="0.956"/>
  <testcase classname="com.tutorialsninja.qa.testcases.LoginTest" name="verifyLoginWithInvalidCredentials" time="0.74"/>
  <testcase classname="com.tutorialsninja.qa.testcases.LoginTest" name="verifyLoginWithInvalidEmailAndValidPassword" time="1.102"/>
</testsuite> <!-- Test -->
